[2020-05-22 15:00:49.697] [exthost] [info] extension host started
[2020-05-22 15:00:49.758] [exthost] [info] ExtensionService#_doActivateExtension vscode.debug-auto-launch {"startup":true,"activationEvent":"*"}
[2020-05-22 15:00:49.758] [exthost] [info] ExtensionService#loadCommonJSModule c:\CONSOLES\ndside\msys64\opt\vscode\resources\app\extensions\debug-auto-launch\dist\extension
[2020-05-22 15:00:49.769] [exthost] [info] ExtensionService#_doActivateExtension vscode.emmet {"startup":true,"activationEvent":"*"}
[2020-05-22 15:00:49.769] [exthost] [info] ExtensionService#loadCommonJSModule c:\CONSOLES\ndside\msys64\opt\vscode\resources\app\extensions\emmet\dist\extension
[2020-05-22 15:00:49.776] [exthost] [info] ExtensionService#_doActivateExtension vscode.git {"startup":true,"activationEvent":"*"}
[2020-05-22 15:00:49.776] [exthost] [info] ExtensionService#loadCommonJSModule c:\CONSOLES\ndside\msys64\opt\vscode\resources\app\extensions\git\dist\main
[2020-05-22 15:00:49.805] [exthost] [info] ExtensionService#_doActivateExtension vscode.merge-conflict {"startup":true,"activationEvent":"*"}
[2020-05-22 15:00:49.805] [exthost] [info] ExtensionService#loadCommonJSModule c:\CONSOLES\ndside\msys64\opt\vscode\resources\app\extensions\merge-conflict\dist\extension
[2020-05-22 15:00:49.808] [exthost] [info] eager extensions activated
[2020-05-22 15:01:51.361] [exthost] [info] ExtensionService#_doActivateExtension ms-vscode.cpptools {"startup":false,"activationEvent":"onLanguage:c"}
[2020-05-22 15:01:51.361] [exthost] [info] ExtensionService#loadCommonJSModule C:\CONSOLES\ndside\msys64\opt\vscode\data\extensions\ms-vscode.cpptools-0.27.1\dist\main
[2020-05-22 15:01:52.962] [exthost] [info] ExtensionService#_doActivateExtension vscode.debug-server-ready {"startup":false,"activationEvent":"onDebugResolve"}
[2020-05-22 15:01:52.962] [exthost] [info] ExtensionService#loadCommonJSModule c:\CONSOLES\ndside\msys64\opt\vscode\resources\app\extensions\debug-server-ready\dist\extension
[2020-05-22 15:01:52.972] [exthost] [info] ExtensionService#_doActivateExtension vscode.grunt {"startup":false,"activationEvent":"onCommand:workbench.action.tasks.runTask"}
[2020-05-22 15:01:52.972] [exthost] [info] ExtensionService#loadCommonJSModule c:\CONSOLES\ndside\msys64\opt\vscode\resources\app\extensions\grunt\dist\main
[2020-05-22 15:01:52.975] [exthost] [info] ExtensionService#_doActivateExtension vscode.gulp {"startup":false,"activationEvent":"onCommand:workbench.action.tasks.runTask"}
[2020-05-22 15:01:52.975] [exthost] [info] ExtensionService#loadCommonJSModule c:\CONSOLES\ndside\msys64\opt\vscode\resources\app\extensions\gulp\dist\main
[2020-05-22 15:01:52.977] [exthost] [info] ExtensionService#_doActivateExtension vscode.jake {"startup":false,"activationEvent":"onCommand:workbench.action.tasks.runTask"}
[2020-05-22 15:01:52.977] [exthost] [info] ExtensionService#loadCommonJSModule c:\CONSOLES\ndside\msys64\opt\vscode\resources\app\extensions\jake\dist\main
[2020-05-22 15:01:52.979] [exthost] [info] ExtensionService#_doActivateExtension vscode.npm {"startup":false,"activationEvent":"onCommand:workbench.action.tasks.runTask"}
[2020-05-22 15:01:52.979] [exthost] [info] ExtensionService#loadCommonJSModule c:\CONSOLES\ndside\msys64\opt\vscode\resources\app\extensions\npm\dist\main
[2020-05-22 15:01:52.985] [exthost] [info] ExtensionService#_doActivateExtension vscode.typescript-language-features {"startup":false,"activationEvent":"onCommand:workbench.action.tasks.runTask"}
[2020-05-22 15:01:52.985] [exthost] [info] ExtensionService#loadCommonJSModule c:\CONSOLES\ndside\msys64\opt\vscode\resources\app\extensions\typescript-language-features\dist\extension
