[2020-09-01 13:39:55.682] [exthost] [info] extension host started
[2020-09-01 13:39:55.701] [exthost] [info] ExtensionService#_doActivateExtension ms-vscode.cpptools {"startup":false,"activationEvent":"onLanguage:c"}
[2020-09-01 13:39:55.701] [exthost] [info] ExtensionService#loadCommonJSModule C:\CONSOLES\ndside\msys64\opt\vscode\data\extensions\ms-vscode.cpptools-0.27.1\dist\main
[2020-09-01 13:39:55.778] [exthost] [info] ExtensionService#_doActivateExtension vscode.debug-auto-launch {"startup":true,"activationEvent":"*"}
[2020-09-01 13:39:55.778] [exthost] [info] ExtensionService#loadCommonJSModule c:\CONSOLES\ndside\msys64\opt\vscode\resources\app\extensions\debug-auto-launch\dist\extension
[2020-09-01 13:39:55.783] [exthost] [info] ExtensionService#_doActivateExtension vscode.emmet {"startup":true,"activationEvent":"*"}
[2020-09-01 13:39:55.783] [exthost] [info] ExtensionService#loadCommonJSModule c:\CONSOLES\ndside\msys64\opt\vscode\resources\app\extensions\emmet\dist\extension
[2020-09-01 13:39:55.790] [exthost] [info] ExtensionService#_doActivateExtension vscode.git {"startup":true,"activationEvent":"*"}
[2020-09-01 13:39:55.790] [exthost] [info] ExtensionService#loadCommonJSModule c:\CONSOLES\ndside\msys64\opt\vscode\resources\app\extensions\git\dist\main
[2020-09-01 13:39:55.874] [exthost] [info] ExtensionService#_doActivateExtension vscode.merge-conflict {"startup":true,"activationEvent":"*"}
[2020-09-01 13:39:55.874] [exthost] [info] ExtensionService#loadCommonJSModule c:\CONSOLES\ndside\msys64\opt\vscode\resources\app\extensions\merge-conflict\dist\extension
[2020-09-01 13:39:55.883] [exthost] [info] eager extensions activated
[2020-09-01 13:40:09.353] [exthost] [info] extension host started
[2020-09-01 13:40:09.370] [exthost] [info] ExtensionService#_doActivateExtension vscode.debug-auto-launch {"startup":true,"activationEvent":"*"}
[2020-09-01 13:40:09.370] [exthost] [info] ExtensionService#loadCommonJSModule c:\CONSOLES\ndside\msys64\opt\vscode\resources\app\extensions\debug-auto-launch\dist\extension
[2020-09-01 13:40:09.374] [exthost] [info] ExtensionService#_doActivateExtension vscode.emmet {"startup":true,"activationEvent":"*"}
[2020-09-01 13:40:09.374] [exthost] [info] ExtensionService#loadCommonJSModule c:\CONSOLES\ndside\msys64\opt\vscode\resources\app\extensions\emmet\dist\extension
[2020-09-01 13:40:09.378] [exthost] [info] ExtensionService#_doActivateExtension vscode.git {"startup":true,"activationEvent":"*"}
[2020-09-01 13:40:09.378] [exthost] [info] ExtensionService#loadCommonJSModule c:\CONSOLES\ndside\msys64\opt\vscode\resources\app\extensions\git\dist\main
[2020-09-01 13:40:09.401] [exthost] [info] ExtensionService#_doActivateExtension vscode.merge-conflict {"startup":true,"activationEvent":"*"}
[2020-09-01 13:40:09.401] [exthost] [info] ExtensionService#loadCommonJSModule c:\CONSOLES\ndside\msys64\opt\vscode\resources\app\extensions\merge-conflict\dist\extension
[2020-09-01 13:40:09.404] [exthost] [info] eager extensions activated
[2020-09-01 13:40:16.820] [exthost] [info] extension host started
[2020-09-01 13:40:16.838] [exthost] [info] ExtensionService#_doActivateExtension ms-vscode.cpptools {"startup":false,"activationEvent":"onLanguage:c"}
[2020-09-01 13:40:16.838] [exthost] [info] ExtensionService#loadCommonJSModule C:\CONSOLES\ndside\msys64\opt\vscode\data\extensions\ms-vscode.cpptools-0.27.1\dist\main
[2020-09-01 13:40:16.891] [exthost] [info] ExtensionService#_doActivateExtension vscode.debug-auto-launch {"startup":true,"activationEvent":"*"}
[2020-09-01 13:40:16.891] [exthost] [info] ExtensionService#loadCommonJSModule c:\CONSOLES\ndside\msys64\opt\vscode\resources\app\extensions\debug-auto-launch\dist\extension
[2020-09-01 13:40:16.894] [exthost] [info] ExtensionService#_doActivateExtension vscode.emmet {"startup":true,"activationEvent":"*"}
[2020-09-01 13:40:16.894] [exthost] [info] ExtensionService#loadCommonJSModule c:\CONSOLES\ndside\msys64\opt\vscode\resources\app\extensions\emmet\dist\extension
[2020-09-01 13:40:16.898] [exthost] [info] ExtensionService#_doActivateExtension vscode.git {"startup":true,"activationEvent":"*"}
[2020-09-01 13:40:16.898] [exthost] [info] ExtensionService#loadCommonJSModule c:\CONSOLES\ndside\msys64\opt\vscode\resources\app\extensions\git\dist\main
[2020-09-01 13:40:16.929] [exthost] [info] ExtensionService#_doActivateExtension vscode.merge-conflict {"startup":true,"activationEvent":"*"}
[2020-09-01 13:40:16.929] [exthost] [info] ExtensionService#loadCommonJSModule c:\CONSOLES\ndside\msys64\opt\vscode\resources\app\extensions\merge-conflict\dist\extension
[2020-09-01 13:40:16.933] [exthost] [info] eager extensions activated
[2020-09-01 13:40:17.318] [exthost] [info] ExtensionService#_doActivateExtension vscode.debug-server-ready {"startup":false,"activationEvent":"onDebugResolve"}
[2020-09-01 13:40:17.318] [exthost] [info] ExtensionService#loadCommonJSModule c:\CONSOLES\ndside\msys64\opt\vscode\resources\app\extensions\debug-server-ready\dist\extension
[2020-09-01 13:40:17.352] [exthost] [info] ExtensionService#_doActivateExtension vscode.grunt {"startup":false,"activationEvent":"onCommand:workbench.action.tasks.runTask"}
[2020-09-01 13:40:17.352] [exthost] [info] ExtensionService#loadCommonJSModule c:\CONSOLES\ndside\msys64\opt\vscode\resources\app\extensions\grunt\dist\main
[2020-09-01 13:40:17.356] [exthost] [info] ExtensionService#_doActivateExtension vscode.gulp {"startup":false,"activationEvent":"onCommand:workbench.action.tasks.runTask"}
[2020-09-01 13:40:17.356] [exthost] [info] ExtensionService#loadCommonJSModule c:\CONSOLES\ndside\msys64\opt\vscode\resources\app\extensions\gulp\dist\main
[2020-09-01 13:40:17.367] [exthost] [info] ExtensionService#_doActivateExtension vscode.jake {"startup":false,"activationEvent":"onCommand:workbench.action.tasks.runTask"}
[2020-09-01 13:40:17.367] [exthost] [info] ExtensionService#loadCommonJSModule c:\CONSOLES\ndside\msys64\opt\vscode\resources\app\extensions\jake\dist\main
[2020-09-01 13:40:17.372] [exthost] [info] ExtensionService#_doActivateExtension vscode.npm {"startup":false,"activationEvent":"onCommand:workbench.action.tasks.runTask"}
[2020-09-01 13:40:17.372] [exthost] [info] ExtensionService#loadCommonJSModule c:\CONSOLES\ndside\msys64\opt\vscode\resources\app\extensions\npm\dist\main
[2020-09-01 13:40:17.380] [exthost] [info] ExtensionService#_doActivateExtension vscode.typescript-language-features {"startup":false,"activationEvent":"onCommand:workbench.action.tasks.runTask"}
[2020-09-01 13:40:17.380] [exthost] [info] ExtensionService#loadCommonJSModule c:\CONSOLES\ndside\msys64\opt\vscode\resources\app\extensions\typescript-language-features\dist\extension
