[2020-05-20 17:36:57.729] [exthost] [info] extension host started
[2020-05-20 17:36:57.752] [exthost] [info] ExtensionService#_doActivateExtension ms-vscode.cpptools {"startup":false,"activationEvent":"onLanguage:c"}
[2020-05-20 17:36:57.752] [exthost] [info] ExtensionService#loadCommonJSModule C:\CONSOLES\ndside\msys64\opt\vscode\data\extensions\ms-vscode.cpptools-0.27.1\dist\main
[2020-05-20 17:36:57.841] [exthost] [info] ExtensionService#_doActivateExtension vscode.debug-auto-launch {"startup":true,"activationEvent":"*"}
[2020-05-20 17:36:57.841] [exthost] [info] ExtensionService#loadCommonJSModule c:\CONSOLES\ndside\msys64\opt\vscode\resources\app\extensions\debug-auto-launch\dist\extension
[2020-05-20 17:36:57.846] [exthost] [info] ExtensionService#_doActivateExtension vscode.emmet {"startup":true,"activationEvent":"*"}
[2020-05-20 17:36:57.846] [exthost] [info] ExtensionService#loadCommonJSModule c:\CONSOLES\ndside\msys64\opt\vscode\resources\app\extensions\emmet\dist\extension
[2020-05-20 17:36:57.853] [exthost] [info] ExtensionService#_doActivateExtension vscode.git {"startup":true,"activationEvent":"*"}
[2020-05-20 17:36:57.853] [exthost] [info] ExtensionService#loadCommonJSModule c:\CONSOLES\ndside\msys64\opt\vscode\resources\app\extensions\git\dist\main
[2020-05-20 17:36:57.905] [exthost] [info] ExtensionService#_doActivateExtension vscode.merge-conflict {"startup":true,"activationEvent":"*"}
[2020-05-20 17:36:57.905] [exthost] [info] ExtensionService#loadCommonJSModule c:\CONSOLES\ndside\msys64\opt\vscode\resources\app\extensions\merge-conflict\dist\extension
[2020-05-20 17:36:57.911] [exthost] [info] eager extensions activated
[2020-05-20 17:43:31.007] [exthost] [info] ExtensionService#_doActivateExtension vscode.debug-server-ready {"startup":false,"activationEvent":"onDebugResolve"}
[2020-05-20 17:43:31.007] [exthost] [info] ExtensionService#loadCommonJSModule c:\CONSOLES\ndside\msys64\opt\vscode\resources\app\extensions\debug-server-ready\dist\extension
[2020-05-20 17:43:31.018] [exthost] [info] ExtensionService#_doActivateExtension vscode.grunt {"startup":false,"activationEvent":"onCommand:workbench.action.tasks.runTask"}
[2020-05-20 17:43:31.018] [exthost] [info] ExtensionService#loadCommonJSModule c:\CONSOLES\ndside\msys64\opt\vscode\resources\app\extensions\grunt\dist\main
[2020-05-20 17:43:31.022] [exthost] [info] ExtensionService#_doActivateExtension vscode.gulp {"startup":false,"activationEvent":"onCommand:workbench.action.tasks.runTask"}
[2020-05-20 17:43:31.022] [exthost] [info] ExtensionService#loadCommonJSModule c:\CONSOLES\ndside\msys64\opt\vscode\resources\app\extensions\gulp\dist\main
[2020-05-20 17:43:31.025] [exthost] [info] ExtensionService#_doActivateExtension vscode.jake {"startup":false,"activationEvent":"onCommand:workbench.action.tasks.runTask"}
[2020-05-20 17:43:31.025] [exthost] [info] ExtensionService#loadCommonJSModule c:\CONSOLES\ndside\msys64\opt\vscode\resources\app\extensions\jake\dist\main
[2020-05-20 17:43:31.030] [exthost] [info] ExtensionService#_doActivateExtension vscode.npm {"startup":false,"activationEvent":"onCommand:workbench.action.tasks.runTask"}
[2020-05-20 17:43:31.030] [exthost] [info] ExtensionService#loadCommonJSModule c:\CONSOLES\ndside\msys64\opt\vscode\resources\app\extensions\npm\dist\main
[2020-05-20 17:43:31.038] [exthost] [info] ExtensionService#_doActivateExtension vscode.typescript-language-features {"startup":false,"activationEvent":"onCommand:workbench.action.tasks.runTask"}
[2020-05-20 17:43:31.038] [exthost] [info] ExtensionService#loadCommonJSModule c:\CONSOLES\ndside\msys64\opt\vscode\resources\app\extensions\typescript-language-features\dist\extension
