[2020-05-22 14:58:35.369] [exthost] [info] extension host started
[2020-05-22 14:58:35.388] [exthost] [info] ExtensionService#_doActivateExtension ms-vscode.cpptools {"startup":false,"activationEvent":"onLanguage:c"}
[2020-05-22 14:58:35.388] [exthost] [info] ExtensionService#loadCommonJSModule C:\CONSOLES\ndside\msys64\opt\vscode\data\extensions\ms-vscode.cpptools-0.27.1\dist\main
[2020-05-22 14:58:35.473] [exthost] [info] ExtensionService#_doActivateExtension vscode.debug-auto-launch {"startup":true,"activationEvent":"*"}
[2020-05-22 14:58:35.473] [exthost] [info] ExtensionService#loadCommonJSModule c:\CONSOLES\ndside\msys64\opt\vscode\resources\app\extensions\debug-auto-launch\dist\extension
[2020-05-22 14:58:35.478] [exthost] [info] ExtensionService#_doActivateExtension vscode.emmet {"startup":true,"activationEvent":"*"}
[2020-05-22 14:58:35.478] [exthost] [info] ExtensionService#loadCommonJSModule c:\CONSOLES\ndside\msys64\opt\vscode\resources\app\extensions\emmet\dist\extension
[2020-05-22 14:58:35.484] [exthost] [info] ExtensionService#_doActivateExtension vscode.git {"startup":true,"activationEvent":"*"}
[2020-05-22 14:58:35.484] [exthost] [info] ExtensionService#loadCommonJSModule c:\CONSOLES\ndside\msys64\opt\vscode\resources\app\extensions\git\dist\main
[2020-05-22 14:58:35.527] [exthost] [info] ExtensionService#_doActivateExtension vscode.merge-conflict {"startup":true,"activationEvent":"*"}
[2020-05-22 14:58:35.527] [exthost] [info] ExtensionService#loadCommonJSModule c:\CONSOLES\ndside\msys64\opt\vscode\resources\app\extensions\merge-conflict\dist\extension
[2020-05-22 14:58:35.532] [exthost] [info] eager extensions activated
[2020-05-22 14:59:53.459] [exthost] [info] ExtensionService#_doActivateExtension vscode.debug-server-ready {"startup":false,"activationEvent":"onDebugResolve"}
[2020-05-22 14:59:53.459] [exthost] [info] ExtensionService#loadCommonJSModule c:\CONSOLES\ndside\msys64\opt\vscode\resources\app\extensions\debug-server-ready\dist\extension
[2020-05-22 14:59:53.471] [exthost] [info] ExtensionService#_doActivateExtension vscode.grunt {"startup":false,"activationEvent":"onCommand:workbench.action.tasks.runTask"}
[2020-05-22 14:59:53.471] [exthost] [info] ExtensionService#loadCommonJSModule c:\CONSOLES\ndside\msys64\opt\vscode\resources\app\extensions\grunt\dist\main
[2020-05-22 14:59:53.476] [exthost] [info] ExtensionService#_doActivateExtension vscode.gulp {"startup":false,"activationEvent":"onCommand:workbench.action.tasks.runTask"}
[2020-05-22 14:59:53.476] [exthost] [info] ExtensionService#loadCommonJSModule c:\CONSOLES\ndside\msys64\opt\vscode\resources\app\extensions\gulp\dist\main
[2020-05-22 14:59:53.479] [exthost] [info] ExtensionService#_doActivateExtension vscode.jake {"startup":false,"activationEvent":"onCommand:workbench.action.tasks.runTask"}
[2020-05-22 14:59:53.480] [exthost] [info] ExtensionService#loadCommonJSModule c:\CONSOLES\ndside\msys64\opt\vscode\resources\app\extensions\jake\dist\main
[2020-05-22 14:59:53.483] [exthost] [info] ExtensionService#_doActivateExtension vscode.npm {"startup":false,"activationEvent":"onCommand:workbench.action.tasks.runTask"}
[2020-05-22 14:59:53.483] [exthost] [info] ExtensionService#loadCommonJSModule c:\CONSOLES\ndside\msys64\opt\vscode\resources\app\extensions\npm\dist\main
[2020-05-22 14:59:53.492] [exthost] [info] ExtensionService#_doActivateExtension vscode.typescript-language-features {"startup":false,"activationEvent":"onCommand:workbench.action.tasks.runTask"}
[2020-05-22 14:59:53.492] [exthost] [info] ExtensionService#loadCommonJSModule c:\CONSOLES\ndside\msys64\opt\vscode\resources\app\extensions\typescript-language-features\dist\extension
