Se ha inicializado el servicio de exploración de código
  La carpeta C:/PROGRAM FILES (X86)/MICROSOFT VISUAL STUDIO/2019/COMMUNITY/VC/TOOLS/MSVC/14.24.28314/INCLUDE/* se indexará
  La carpeta C:/PROGRAM FILES (X86)/MICROSOFT VISUAL STUDIO/2019/COMMUNITY/VC/TOOLS/MSVC/14.24.28314/ATLMFC/INCLUDE/* se indexará
  La carpeta C:/PROGRAM FILES (X86)/WINDOWS KITS/10/INCLUDE/10.0.18362.0/UM/ se indexará
  La carpeta C:/PROGRAM FILES (X86)/WINDOWS KITS/10/INCLUDE/10.0.18362.0/UCRT/ se indexará
  La carpeta C:/PROGRAM FILES (X86)/WINDOWS KITS/10/INCLUDE/10.0.18362.0/SHARED/ se indexará
  La carpeta C:/PROGRAM FILES (X86)/WINDOWS KITS/10/INCLUDE/10.0.18362.0/WINRT/ se indexará
  La carpeta C:/PROGRAM FILES (X86)/WINDOWS KITS/10/INCLUDE/10.0.18362.0/CPPWINRT/ se indexará
  La carpeta C:/CONSOLES/NDSIDE/ANIMATE_SIMPLE/ se indexará
Rellenar la memoria caché de finalización de instrucciones include.
Detectando archivos...
  Procesando la carpeta (modo no recursivo): C:/PROGRAM FILES (X86)/MICROSOFT VISUAL STUDIO/2019/COMMUNITY/VC/TOOLS/MSVC/14.24.28314/INCLUDE
  Procesando la carpeta (modo no recursivo): C:/PROGRAM FILES (X86)/MICROSOFT VISUAL STUDIO/2019/COMMUNITY/VC/TOOLS/MSVC/14.24.28314/ATLMFC/INCLUDE
  Procesando la carpeta (modo recursivo): C:/PROGRAM FILES (X86)/WINDOWS KITS/10/INCLUDE/10.0.18362.0/UM/
Comprobando si hay errores de sintaxis: file:///c%3A/CONSOLES/ndside/animate_simple/source/template.c
  Procesando la carpeta (modo recursivo): C:/PROGRAM FILES (X86)/WINDOWS KITS/10/INCLUDE/10.0.18362.0/UCRT/
  Procesando la carpeta (modo recursivo): C:/PROGRAM FILES (X86)/WINDOWS KITS/10/INCLUDE/10.0.18362.0/SHARED/
  Procesando la carpeta (modo recursivo): C:/PROGRAM FILES (X86)/WINDOWS KITS/10/INCLUDE/10.0.18362.0/WINRT/
  Procesando la carpeta (modo recursivo): C:/PROGRAM FILES (X86)/WINDOWS KITS/10/INCLUDE/10.0.18362.0/CPPWINRT/
Comprobando si hay errores de sintaxis: file:///c%3A/CONSOLES/ndside/animate_simple/source/template.c
  Procesando la carpeta (modo recursivo): C:/CONSOLES/NDSIDE/ANIMATE_SIMPLE/
  Detectando archivos. Archivos procesados: 4845
  Se han quitado 1 archivos de la base de datos
Ha finalizado la detección de archivos.
Analizando los archivos restantes...
  Analizando: 0 archivos procesados
Ha finalizado el análisis de los archivos restantes.
El subrayado ondulado de errores se deshabilitará en file:///c%3A/CONSOLES/ndside/animate_simple/source/template.c
