Se ha inicializado el servicio de exploración de código
  La carpeta C:/PROGRAM FILES (X86)/MICROSOFT VISUAL STUDIO/2019/COMMUNITY/VC/TOOLS/MSVC/14.24.28314/INCLUDE/* se indexará
  La carpeta C:/PROGRAM FILES (X86)/MICROSOFT VISUAL STUDIO/2019/COMMUNITY/VC/TOOLS/MSVC/14.24.28314/ATLMFC/INCLUDE/* se indexará
  La carpeta C:/PROGRAM FILES (X86)/WINDOWS KITS/10/INCLUDE/10.0.18362.0/UM/ se indexará
  La carpeta C:/PROGRAM FILES (X86)/WINDOWS KITS/10/INCLUDE/10.0.18362.0/UCRT/ se indexará
  La carpeta C:/PROGRAM FILES (X86)/WINDOWS KITS/10/INCLUDE/10.0.18362.0/SHARED/ se indexará
  La carpeta C:/PROGRAM FILES (X86)/WINDOWS KITS/10/INCLUDE/10.0.18362.0/WINRT/ se indexará
  La carpeta C:/PROGRAM FILES (X86)/WINDOWS KITS/10/INCLUDE/10.0.18362.0/CPPWINRT/ se indexará
  La carpeta C:/CONSOLES/NDSIDE/BASIC_SOUND/ se indexará
Rellenar la memoria caché de finalización de instrucciones include.
Detectando archivos...
  Procesando la carpeta (modo no recursivo): C:/PROGRAM FILES (X86)/MICROSOFT VISUAL STUDIO/2019/COMMUNITY/VC/TOOLS/MSVC/14.24.28314/INCLUDE
Comprobando si hay errores de sintaxis: file:///c%3A/CONSOLES/ndside/basic_sound/source/MaxModExample.c
  Procesando la carpeta (modo no recursivo): C:/PROGRAM FILES (X86)/MICROSOFT VISUAL STUDIO/2019/COMMUNITY/VC/TOOLS/MSVC/14.24.28314/ATLMFC/INCLUDE
  Procesando la carpeta (modo recursivo): C:/PROGRAM FILES (X86)/WINDOWS KITS/10/INCLUDE/10.0.18362.0/UM/
El subrayado ondulado de errores se deshabilitará en file:///c%3A/CONSOLES/ndside/basic_sound/source/MaxModExample.c
  Procesando la carpeta (modo recursivo): C:/PROGRAM FILES (X86)/WINDOWS KITS/10/INCLUDE/10.0.18362.0/UCRT/
  Procesando la carpeta (modo recursivo): C:/PROGRAM FILES (X86)/WINDOWS KITS/10/INCLUDE/10.0.18362.0/SHARED/
  Procesando la carpeta (modo recursivo): C:/PROGRAM FILES (X86)/WINDOWS KITS/10/INCLUDE/10.0.18362.0/WINRT/
  Procesando la carpeta (modo recursivo): C:/PROGRAM FILES (X86)/WINDOWS KITS/10/INCLUDE/10.0.18362.0/CPPWINRT/
  Procesando la carpeta (modo recursivo): C:/CONSOLES/NDSIDE/BASIC_SOUND/
  Detectando archivos. Archivos procesados: 4819
  Se han quitado 0 archivos de la base de datos
Ha finalizado la detección de archivos.
Analizando los archivos restantes...
  Analizando: 0 archivos procesados
Ha finalizado el análisis de los archivos restantes.
Apagando el servidor de IntelliSense: C:\CONSOLES\NDSIDE\BASIC_SOUND\SOURCE\MAXMODEXAMPLE.C
Comprobando si hay errores de sintaxis: file:///c%3A/CONSOLES/ndside/basic_sound/source/MaxModExample.c
El subrayado ondulado de errores se deshabilitará en file:///c%3A/CONSOLES/ndside/basic_sound/source/MaxModExample.c
Motor de IntelliSense = Default.
El coloreado mejorado está habilitado.
El subrayado ondulado de errores se habilita si se resuelven todas las dependencias de encabezado.
La característica Autocompletar está habilitada.
Exclusión de archivos: **/.git
Exclusión de archivos: **/.svn
Exclusión de archivos: **/.hg
Exclusión de archivos: **/CVS
Exclusión de archivos: **/.DS_Store
Exclusión de archivos: **/.vscode
Excluir de la búsqueda: **/node_modules
Excluir de la búsqueda: **/bower_components
Excluir de la búsqueda: **/.vscode
Rellenar la memoria caché de finalización de instrucciones include.
Detectando archivos...
  Procesando la carpeta (modo no recursivo): C:/PROGRAM FILES (X86)/MICROSOFT VISUAL STUDIO/2019/COMMUNITY/VC/TOOLS/MSVC/14.24.28314/INCLUDE
  Procesando la carpeta (modo no recursivo): C:/PROGRAM FILES (X86)/MICROSOFT VISUAL STUDIO/2019/COMMUNITY/VC/TOOLS/MSVC/14.24.28314/ATLMFC/INCLUDE
  Procesando la carpeta (modo recursivo): C:/PROGRAM FILES (X86)/WINDOWS KITS/10/INCLUDE/10.0.18362.0/UM/
  Procesando la carpeta (modo recursivo): C:/PROGRAM FILES (X86)/WINDOWS KITS/10/INCLUDE/10.0.18362.0/UCRT/
  Procesando la carpeta (modo recursivo): C:/PROGRAM FILES (X86)/WINDOWS KITS/10/INCLUDE/10.0.18362.0/SHARED/
Comprobando si hay errores de sintaxis: file:///c%3A/CONSOLES/ndside/basic_sound/build/soundbank.h
  Procesando la carpeta (modo recursivo): C:/PROGRAM FILES (X86)/WINDOWS KITS/10/INCLUDE/10.0.18362.0/WINRT/
  Procesando la carpeta (modo recursivo): C:/PROGRAM FILES (X86)/WINDOWS KITS/10/INCLUDE/10.0.18362.0/CPPWINRT/
  Procesando la carpeta (modo recursivo): C:/CONSOLES/NDSIDE/BASIC_SOUND/
  Detectando archivos. Archivos procesados: 4828
  Se han quitado 1 archivos de la base de datos
Ha finalizado la detección de archivos.
Analizando los archivos restantes...
  Analizando: 0 archivos procesados
Ha finalizado el análisis de los archivos restantes.
Se han detectado las siguientes sugerencias de ruta de acceso de inclusión: 0.
Comprobando si hay errores de sintaxis: file:///c%3A/CONSOLES/ndside/basic_sound/build/soundbank.h
Comprobando si hay errores de sintaxis: file:///c%3A/CONSOLES/ndside/basic_sound/source/MaxModExample.c
Comprobando si hay errores de sintaxis: file:///c%3A/CONSOLES/ndside/basic_sound/source/MaxModExample.c
Apagando el servidor de IntelliSense: C:\CONSOLES\NDSIDE\BASIC_SOUND\SOURCE\MAXMODEXAMPLE.C
