[2020-05-21 17:11:16.569] [sharedprocess] [info] main {"machineId":"2272391a44cdbc65bd875fc570ad992efaa0e36b4ef58e68ceb0ecdd567696b9"}
[2020-05-21 17:11:16.776] [sharedprocess] [info] Scanned user extensions: 2
[2020-05-21 17:11:16.842] [sharedprocess] [info] Scanned user extensions: 2
[2020-05-21 17:11:17.085] [sharedprocess] [info] Deleted from disk webfreak.debug c:\CONSOLES\ndside\msys64\opt\vscode\data\extensions\webfreak.debug-0.24.0
[2020-05-21 17:11:17.087] [sharedprocess] [info] Scanned system extensions: 72
[2020-05-21 17:11:17.093] [sharedprocess] [info] Scanned system extensions: 72
[2020-05-21 17:11:17.277] [sharedprocess] [info] Scanned user extensions: 2
[2020-05-21 17:11:17.307] [sharedprocess] [info] Scanned system extensions: 72
[2020-05-21 17:11:17.957] [sharedprocess] [info] Scanned user extensions: 2
[2020-05-21 17:11:56.589] [sharedprocess] [info] Starting to clean up unused language packs.
[2020-05-21 17:16:17.972] [sharedprocess] [info] Scanned user extensions: 2
[2020-05-21 17:21:17.988] [sharedprocess] [info] Scanned user extensions: 2
[2020-05-21 17:26:18.000] [sharedprocess] [info] Scanned user extensions: 2
[2020-05-21 17:31:18.013] [sharedprocess] [info] Scanned user extensions: 2
[2020-05-21 17:36:18.029] [sharedprocess] [info] Scanned user extensions: 2
[2020-05-21 17:41:18.042] [sharedprocess] [info] Scanned user extensions: 2
[2020-05-21 17:46:18.058] [sharedprocess] [info] Scanned user extensions: 2
[2020-05-21 17:51:18.079] [sharedprocess] [info] Scanned user extensions: 2
[2020-05-21 17:56:18.102] [sharedprocess] [info] Scanned user extensions: 2
[2020-05-21 18:01:18.119] [sharedprocess] [info] Scanned user extensions: 2
[2020-05-21 18:06:18.139] [sharedprocess] [info] Scanned user extensions: 2
[2020-05-21 18:11:18.291] [sharedprocess] [info] Scanned user extensions: 2
[2020-05-21 18:16:18.328] [sharedprocess] [info] Scanned user extensions: 2
[2020-05-21 18:21:18.353] [sharedprocess] [info] Scanned user extensions: 2
[2020-05-21 18:26:18.390] [sharedprocess] [info] Scanned user extensions: 2
[2020-05-21 18:31:18.414] [sharedprocess] [info] Scanned user extensions: 2
[2020-05-21 18:36:18.439] [sharedprocess] [info] Scanned user extensions: 2
[2020-05-21 18:41:18.461] [sharedprocess] [info] Scanned user extensions: 2
[2020-05-21 18:46:18.755] [sharedprocess] [info] Scanned user extensions: 2
[2020-05-21 18:51:18.778] [sharedprocess] [info] Scanned user extensions: 2
[2020-05-21 18:56:18.802] [sharedprocess] [info] Scanned user extensions: 2
[2020-05-21 19:01:18.827] [sharedprocess] [info] Scanned user extensions: 2
[2020-05-21 19:06:18.851] [sharedprocess] [info] Scanned user extensions: 2
[2020-05-21 19:11:19.012] [sharedprocess] [info] Scanned user extensions: 2
[2020-05-21 19:16:19.028] [sharedprocess] [info] Scanned user extensions: 2
[2020-05-21 19:21:19.067] [sharedprocess] [info] Scanned user extensions: 2
[2020-05-21 19:26:19.092] [sharedprocess] [info] Scanned user extensions: 2
[2020-05-21 19:31:19.118] [sharedprocess] [info] Scanned user extensions: 2
